0 1 1 0
0,1 0,985111939603063 0,985 0,000111939603062661
0,2 0,970445533548508 0,970225 0,000220533548508151
0,3 0,9559974818331 0,955671625 0,000325856833099825
0,4 0,941764533584249 0,941336550625 0,000427982959248729
0,5 0,927743486328553 0,927216502365625 0,000526983962927829
0,6 0,913931185271228 0,913308254830141 0,000622930441087521
0,7 0,900324522586266 0,899608631007689 0,000715891578577099
0,8 0,886920436717157 0,886114501542573 0,000805935174584271
0,9 0,873715911688034 0,872822784019435 0,000893127668599836
1 0,860707976425058 0,859730442259143 0,000977534165914729
1,1 0,847893704087916 0,846834485625256 0,00105921846265999
1,2 0,835270211411272 0,834131968340877 0,00113824307039501
1,3 0,822834658056018 0,821619988815764 0,0012146692402546
1,4 0,810584245970187 0,809295688983527 0,00128855698665975
1,5 0,798516218759377 0,797156253648774 0,00135996511060266
1,6 0,786627861066553 0,785198909844043 0,00142895122251074
1,7 0,774916497961081 0,773420926196382 0,00149557176469894
1,8 0,763379494336853 0,761819612303436 0,00155988203341684
1,9 0,752014254319383 0,750392318118885 0,00162193620049789
2 0,740818220681718 0,739136433347101 0,00168178733461644
2,1 0,729788874269057 0,728049386846895 0,0017394874221619
2,2 0,718923733431926 0,717128646044191 0,00179508738773471
2,3 0,7082203534678 0,706371716353529 0,00184863711427141
2,4 0,697676326071031 0,695776140608226 0,00190018546280535
2,5 0,687289278790972 0,685339498499102 0,00194978029186998
2,6 0,677056874498165 0,675059406021616 0,00199746847654891
2,7 0,666976810858474 0,664933514931291 0,00204329592718289
2,8 0,657046819815057 0,654959512207322 0,00208730760773468
2,9 0,647264667078035 0,645135119524212 0,00212954755382233
3 0,637628151621773 0,635458092731349 0,00217005889042432
3,1 0,628135105189641 0,625926221340379 0,0022088838492621
3,2 0,618783391806141 0,616537328020273 0,00224606378586778
3,3 0,609570907296309 0,607289268099969 0,00228163919634028
3,4 0,600495578812266 0,598179929078469 0,0023156497337965
3,5 0,591555364366815 0,589207230142292 0,00234813422452274
3,6 0,58274825237399 0,580369121690158 0,00237913068383167
3,7 0,574072261196436 0,571663584864806 0,00240867633163033
3,8 0,565525438699537 0,563088631091833 0,00243680760770359
3,9 0,557105861812174 0,554642301625456 0,00246356018671778
4 0,548811636094027 0,546322667101074 0,00248896899295237
4,1 0,540640895309316 0,538127827094558 0,0025130682147585
4,2 0,532591801006897 0,53005590968814 0,00253589131875753
4,3 0,524662542106593 0,522105071042818 0,00255747106377535
4,4 0,516851334491699 0,514273494977175 0,00257783951452384
4,5 0,509156420607549 0,506559392552518 0,00259702805503148
4,6 0,501576069066055 0,49896100166423 0,00261506740182554
4,7 0,494108574256142 0,491476586639266 0,00263198761687522
4,8 0,486752255959972 0,484104437839677 0,00264781812029419
4,9 0,479505458974894 0,476842871272082 0,00266258770281186
5 0,472366552741015 0,469690228203001 0,0026763245380137
